;  LST file generated by mikroListExporter - v.2.0 
; Date/Time: 5/9/2025 3:54:58 PM
;----------------------------------------------

;Address Opcode 	ASM
0x0000	0x2829      	GOTO       41
_delay_1s:
;MyProject.c,1 :: 		void delay_1s() {
;MyProject.c,2 :: 		Delay_ms(1000); // Use mikroC's built-in delay
0x0003	0x300B      	MOVLW      11
0x0004	0x1283      	BCF        STATUS, 5
0x0005	0x1303      	BCF        STATUS, 6
0x0006	0x00FB      	MOVWF      R11
0x0007	0x3026      	MOVLW      38
0x0008	0x00FC      	MOVWF      R12
0x0009	0x305D      	MOVLW      93
0x000A	0x00FD      	MOVWF      R13
L_delay_1s0:
0x000B	0x0BFD      	DECFSZ     R13, 1
0x000C	0x280B      	GOTO       L_delay_1s0
0x000D	0x0BFC      	DECFSZ     R12, 1
0x000E	0x280B      	GOTO       L_delay_1s0
0x000F	0x0BFB      	DECFSZ     R11, 1
0x0010	0x280B      	GOTO       L_delay_1s0
0x0011	0x0000      	NOP
0x0012	0x0000      	NOP
;MyProject.c,3 :: 		}
L_end_delay_1s:
0x0013	0x0008      	RETURN
; end of _delay_1s
_delay_5s:
;MyProject.c,5 :: 		void delay_5s() {
;MyProject.c,7 :: 		for(k = 0; k < 5; k++) delay_1s();
0x0014	0x1283      	BCF        STATUS, 5
0x0015	0x1303      	BCF        STATUS, 6
0x0016	0x01A4      	CLRF       delay_5s_k_L0
0x0017	0x01A5      	CLRF       delay_5s_k_L0+1
L_delay_5s1:
0x0018	0x3080      	MOVLW      128
0x0019	0x0625      	XORWF      delay_5s_k_L0+1, 0
0x001A	0x00F0      	MOVWF      R0
0x001B	0x3080      	MOVLW      128
0x001C	0x0270      	SUBWF      R0, 0
0x001D	0x1D03      	BTFSS      STATUS, 2
0x001E	0x2821      	GOTO       L__delay_5s31
0x001F	0x3005      	MOVLW      5
0x0020	0x0224      	SUBWF      delay_5s_k_L0, 0
L__delay_5s31:
0x0021	0x1803      	BTFSC      STATUS, 0
0x0022	0x2828      	GOTO       L_delay_5s2
0x0023	0x2003      	CALL       _delay_1s
0x0024	0x0AA4      	INCF       delay_5s_k_L0, 1
0x0025	0x1903      	BTFSC      STATUS, 2
0x0026	0x0AA5      	INCF       delay_5s_k_L0+1, 1
0x0027	0x2818      	GOTO       L_delay_5s1
L_delay_5s2:
;MyProject.c,8 :: 		}
L_end_delay_5s:
0x0028	0x0008      	RETURN
; end of _delay_5s
_main:
;MyProject.c,10 :: 		void main() {
;MyProject.c,13 :: 		TRISB = 0b11000011; // RB7, RB6, RB1, RB0 as input; others output
0x0029	0x30C3      	MOVLW      195
0x002A	0x1683      	BSF        STATUS, 5
0x002B	0x1303      	BCF        STATUS, 6
0x002C	0x0086      	MOVWF      TRISB
;MyProject.c,14 :: 		PORTB = 0b00000000; // All outputs off
0x002D	0x1283      	BCF        STATUS, 5
0x002E	0x0186      	CLRF       PORTB
;MyProject.c,16 :: 		while(1) {
L_main4:
;MyProject.c,18 :: 		if(PORTB.F0 == 1 && PORTB.F1 == 0) {
0x002F	0x1C06      	BTFSS      PORTB, 0
0x0030	0x285C      	GOTO       L_main8
0x0031	0x1886      	BTFSC      PORTB, 1
0x0032	0x285C      	GOTO       L_main8
L__main28:
;MyProject.c,20 :: 		PORTB.F2 = 1; // Player 1 LED ON (assuming RB2)
0x0033	0x1506      	BSF        PORTB, 2
;MyProject.c,21 :: 		PORTB.F4 = 1; // Player 1 Buzzer ON (assuming RB4)
0x0034	0x1606      	BSF        PORTB, 4
;MyProject.c,23 :: 		for(i = 0; i < 10; i++) {
0x0035	0x01A2      	CLRF       main_i_L0
0x0036	0x01A3      	CLRF       main_i_L0+1
L_main9:
0x0037	0x3080      	MOVLW      128
0x0038	0x0623      	XORWF      main_i_L0+1, 0
0x0039	0x00F0      	MOVWF      R0
0x003A	0x3080      	MOVLW      128
0x003B	0x0270      	SUBWF      R0, 0
0x003C	0x1D03      	BTFSS      STATUS, 2
0x003D	0x2840      	GOTO       L__main33
0x003E	0x300A      	MOVLW      10
0x003F	0x0222      	SUBWF      main_i_L0, 0
L__main33:
0x0040	0x1803      	BTFSC      STATUS, 0
0x0041	0x284A      	GOTO       L_main10
;MyProject.c,24 :: 		PORTB.F4 = 1; // Buzzer ON
0x0042	0x1606      	BSF        PORTB, 4
;MyProject.c,25 :: 		delay_1s();
0x0043	0x2003      	CALL       _delay_1s
;MyProject.c,26 :: 		PORTB.F4 = 0; // Buzzer OFF
0x0044	0x1206      	BCF        PORTB, 4
;MyProject.c,27 :: 		delay_1s();
0x0045	0x2003      	CALL       _delay_1s
;MyProject.c,23 :: 		for(i = 0; i < 10; i++) {
0x0046	0x0AA2      	INCF       main_i_L0, 1
0x0047	0x1903      	BTFSC      STATUS, 2
0x0048	0x0AA3      	INCF       main_i_L0+1, 1
;MyProject.c,28 :: 		}
0x0049	0x2837      	GOTO       L_main9
L_main10:
;MyProject.c,30 :: 		PORTB.F7 = 1; // Game Over LED ON
0x004A	0x1786      	BSF        PORTB, 7
;MyProject.c,31 :: 		PORTB.F4 = 1; // Buzzer ON
0x004B	0x1606      	BSF        PORTB, 4
;MyProject.c,32 :: 		delay_5s();
0x004C	0x2014      	CALL       _delay_5s
;MyProject.c,33 :: 		PORTB.F4 = 0; // Buzzer OFF
0x004D	0x1206      	BCF        PORTB, 4
;MyProject.c,35 :: 		while(!(PORTB.F0 && PORTB.F1));
L_main12:
0x004E	0x1C06      	BTFSS      PORTB, 0
0x004F	0x2855      	GOTO       L_main15
0x0050	0x1C86      	BTFSS      PORTB, 1
0x0051	0x2855      	GOTO       L_main15
0x0052	0x3001      	MOVLW      1
0x0053	0x00F0      	MOVWF      R0
0x0054	0x2856      	GOTO       L_main14
L_main15:
0x0055	0x01F0      	CLRF       R0
L_main14:
0x0056	0x0870      	MOVF       R0, 0
0x0057	0x1D03      	BTFSS      STATUS, 2
0x0058	0x285A      	GOTO       L_main13
0x0059	0x284E      	GOTO       L_main12
L_main13:
;MyProject.c,36 :: 		PORTB = 0b00000000; // Reset all
0x005A	0x0186      	CLRF       PORTB
;MyProject.c,37 :: 		}
0x005B	0x2888      	GOTO       L_main16
L_main8:
;MyProject.c,38 :: 		else if(PORTB.F1 == 1 && PORTB.F0 == 0) {
0x005C	0x1C86      	BTFSS      PORTB, 1
0x005D	0x2888      	GOTO       L_main19
0x005E	0x1806      	BTFSC      PORTB, 0
0x005F	0x2888      	GOTO       L_main19
L__main27:
;MyProject.c,40 :: 		PORTB.F3 = 1; // Player 2 LED ON (assuming RB3)
0x0060	0x1586      	BSF        PORTB, 3
;MyProject.c,41 :: 		PORTB.F5 = 1; // Player 2 Buzzer ON (assuming RB5)
0x0061	0x1686      	BSF        PORTB, 5
;MyProject.c,43 :: 		for(i = 0; i < 10; i++) {
0x0062	0x01A2      	CLRF       main_i_L0
0x0063	0x01A3      	CLRF       main_i_L0+1
L_main20:
0x0064	0x3080      	MOVLW      128
0x0065	0x0623      	XORWF      main_i_L0+1, 0
0x0066	0x00F0      	MOVWF      R0
0x0067	0x3080      	MOVLW      128
0x0068	0x0270      	SUBWF      R0, 0
0x0069	0x1D03      	BTFSS      STATUS, 2
0x006A	0x286D      	GOTO       L__main34
0x006B	0x300A      	MOVLW      10
0x006C	0x0222      	SUBWF      main_i_L0, 0
L__main34:
0x006D	0x1803      	BTFSC      STATUS, 0
0x006E	0x2877      	GOTO       L_main21
;MyProject.c,44 :: 		PORTB.F5 = 1; // Buzzer ON
0x006F	0x1686      	BSF        PORTB, 5
;MyProject.c,45 :: 		delay_1s();
0x0070	0x2003      	CALL       _delay_1s
;MyProject.c,46 :: 		PORTB.F5 = 0; // Buzzer OFF
0x0071	0x1286      	BCF        PORTB, 5
;MyProject.c,47 :: 		delay_1s();
0x0072	0x2003      	CALL       _delay_1s
;MyProject.c,43 :: 		for(i = 0; i < 10; i++) {
0x0073	0x0AA2      	INCF       main_i_L0, 1
0x0074	0x1903      	BTFSC      STATUS, 2
0x0075	0x0AA3      	INCF       main_i_L0+1, 1
;MyProject.c,48 :: 		}
0x0076	0x2864      	GOTO       L_main20
L_main21:
;MyProject.c,50 :: 		PORTB.F7 = 1; // Game Over LED ON
0x0077	0x1786      	BSF        PORTB, 7
;MyProject.c,51 :: 		PORTB.F5 = 1; // Buzzer ON
0x0078	0x1686      	BSF        PORTB, 5
;MyProject.c,52 :: 		delay_5s();
0x0079	0x2014      	CALL       _delay_5s
;MyProject.c,53 :: 		PORTB.F5 = 0; // Buzzer OFF
0x007A	0x1286      	BCF        PORTB, 5
;MyProject.c,55 :: 		while(!(PORTB.F0 && PORTB.F1));
L_main23:
0x007B	0x1C06      	BTFSS      PORTB, 0
0x007C	0x2882      	GOTO       L_main26
0x007D	0x1C86      	BTFSS      PORTB, 1
0x007E	0x2882      	GOTO       L_main26
0x007F	0x3001      	MOVLW      1
0x0080	0x00F0      	MOVWF      R0
0x0081	0x2883      	GOTO       L_main25
L_main26:
0x0082	0x01F0      	CLRF       R0
L_main25:
0x0083	0x0870      	MOVF       R0, 0
0x0084	0x1D03      	BTFSS      STATUS, 2
0x0085	0x2887      	GOTO       L_main24
0x0086	0x287B      	GOTO       L_main23
L_main24:
;MyProject.c,56 :: 		PORTB = 0b00000000; // Reset all
0x0087	0x0186      	CLRF       PORTB
;MyProject.c,57 :: 		}
L_main19:
L_main16:
;MyProject.c,59 :: 		PORTB.F7 = 0;
0x0088	0x1386      	BCF        PORTB, 7
;MyProject.c,60 :: 		}
0x0089	0x282F      	GOTO       L_main4
;MyProject.c,61 :: 		}
L_end_main:
0x008A	0x288A      	GOTO       $+0
; end of _main
Symbol List:
//** Routines locations **
//ADDRESS    SIZE    PROCEDURE
//----------------------------------------------
0x0003      [17]    _delay_1s
0x0014      [21]    _delay_5s
0x0029      [98]    _main
//** Variables locations ** 
//ADDRESS    SIZE    VARIABLE
//----------------------------------------------
0x0000       [1]    INDF
0x0003       [1]    STATUS
0x0004       [1]    FSR
0x0006       [1]    PORTB
0x000A       [1]    PCLATH
0x0020       [2]    ___DoICPAddr
0x0022       [2]    main_i_L0
0x0024       [2]    delay_5s_k_L0
0x0070       [1]    R0
0x0071       [1]    R1
0x0072       [1]    R2
0x0073       [1]    R3
0x0074       [1]    R4
0x0075       [1]    R5
0x0076       [1]    R6
0x0077       [1]    R7
0x0078       [1]    R8
0x0079       [1]    R9
0x007A       [1]    R10
0x007B       [1]    R11
0x007C       [1]    R12
0x007D       [1]    R13
0x007E       [1]    R14
0x007F       [1]    R15
0x0086       [1]    TRISB
