;  LST file generated by mikroListExporter - v.2.0 
; Date/Time: 4/4/2025 2:51:25 PM
;----------------------------------------------

;Address Opcode 	ASM
0x0000	0x2847      	GOTO       71
_knightrider:
;Experiment3Excersise.c,1 :: 		void knightrider(void) {
;Experiment3Excersise.c,3 :: 		char left = 3;
0x0003	0x3003      	MOVLW      3
0x0004	0x1283      	BCF        STATUS, 5
0x0005	0x1303      	BCF        STATUS, 6
0x0006	0x00A2      	MOVWF      knightrider_left_L0
0x0007	0x3004      	MOVLW      4
0x0008	0x00A3      	MOVWF      knightrider_right_L0
;Experiment3Excersise.c,6 :: 		TRISB = 0x00;
0x0009	0x1683      	BSF        STATUS, 5
0x000A	0x0186      	CLRF       TRISB
;Experiment3Excersise.c,7 :: 		PORTB = 0x00;
0x000B	0x1283      	BCF        STATUS, 5
0x000C	0x0186      	CLRF       PORTB
;Experiment3Excersise.c,9 :: 		for (i = 0; i < 4; i++) {
0x000D	0x01F2      	CLRF       R2
0x000E	0x01F3      	CLRF       R2+1
L_knightrider0:
0x000F	0x3080      	MOVLW      128
0x0010	0x0673      	XORWF      R2+1, 0
0x0011	0x00F0      	MOVWF      R0
0x0012	0x3080      	MOVLW      128
0x0013	0x0270      	SUBWF      R0, 0
0x0014	0x1D03      	BTFSS      STATUS, 2
0x0015	0x2818      	GOTO       L__knightrider7
0x0016	0x3004      	MOVLW      4
0x0017	0x0272      	SUBWF      R2, 0
L__knightrider7:
0x0018	0x1803      	BTFSC      STATUS, 0
0x0019	0x2846      	GOTO       L_knightrider1
;Experiment3Excersise.c,10 :: 		PORTB |= (1 << left);   // Light LED from center to left
0x001A	0x0822      	MOVF       knightrider_left_L0, 0
0x001B	0x00F1      	MOVWF      R1
0x001C	0x3001      	MOVLW      1
0x001D	0x00F0      	MOVWF      R0
0x001E	0x0871      	MOVF       R1, 0
L__knightrider8:
0x001F	0x1903      	BTFSC      STATUS, 2
0x0020	0x2825      	GOTO       L__knightrider9
0x0021	0x0DF0      	RLF        R0, 1
0x0022	0x1070      	BCF        R0, 0
0x0023	0x3EFF      	ADDLW      255
0x0024	0x281F      	GOTO       L__knightrider8
L__knightrider9:
0x0025	0x0870      	MOVF       R0, 0
0x0026	0x0486      	IORWF      PORTB, 1
;Experiment3Excersise.c,11 :: 		PORTB |= (1 << right);  // Light LED from center to right
0x0027	0x0823      	MOVF       knightrider_right_L0, 0
0x0028	0x00F1      	MOVWF      R1
0x0029	0x3001      	MOVLW      1
0x002A	0x00F0      	MOVWF      R0
0x002B	0x0871      	MOVF       R1, 0
L__knightrider10:
0x002C	0x1903      	BTFSC      STATUS, 2
0x002D	0x2832      	GOTO       L__knightrider11
0x002E	0x0DF0      	RLF        R0, 1
0x002F	0x1070      	BCF        R0, 0
0x0030	0x3EFF      	ADDLW      255
0x0031	0x282C      	GOTO       L__knightrider10
L__knightrider11:
0x0032	0x0870      	MOVF       R0, 0
0x0033	0x0486      	IORWF      PORTB, 1
;Experiment3Excersise.c,12 :: 		Delay_ms(200);
0x0034	0x3003      	MOVLW      3
0x0035	0x00FB      	MOVWF      R11
0x0036	0x3008      	MOVLW      8
0x0037	0x00FC      	MOVWF      R12
0x0038	0x3077      	MOVLW      119
0x0039	0x00FD      	MOVWF      R13
L_knightrider3:
0x003A	0x0BFD      	DECFSZ     R13, 1
0x003B	0x283A      	GOTO       L_knightrider3
0x003C	0x0BFC      	DECFSZ     R12, 1
0x003D	0x283A      	GOTO       L_knightrider3
0x003E	0x0BFB      	DECFSZ     R11, 1
0x003F	0x283A      	GOTO       L_knightrider3
;Experiment3Excersise.c,13 :: 		left--;
0x0040	0x03A2      	DECF       knightrider_left_L0, 1
;Experiment3Excersise.c,14 :: 		right++;
0x0041	0x0AA3      	INCF       knightrider_right_L0, 1
;Experiment3Excersise.c,9 :: 		for (i = 0; i < 4; i++) {
0x0042	0x0AF2      	INCF       R2, 1
0x0043	0x1903      	BTFSC      STATUS, 2
0x0044	0x0AF3      	INCF       R2+1, 1
;Experiment3Excersise.c,15 :: 		}
0x0045	0x280F      	GOTO       L_knightrider0
L_knightrider1:
;Experiment3Excersise.c,16 :: 		}
L_end_knightrider:
0x0046	0x0008      	RETURN
; end of _knightrider
_main:
;Experiment3Excersise.c,18 :: 		void main() {
;Experiment3Excersise.c,19 :: 		CMCON = 0x07;
0x0047	0x3007      	MOVLW      7
0x0048	0x1283      	BCF        STATUS, 5
0x0049	0x1303      	BCF        STATUS, 6
0x004A	0x009F      	MOVWF      CMCON
;Experiment3Excersise.c,20 :: 		while (1)
L_main4:
;Experiment3Excersise.c,21 :: 		knightrider();
0x004B	0x2003      	CALL       _knightrider
0x004C	0x284B      	GOTO       L_main4
;Experiment3Excersise.c,22 :: 		}
L_end_main:
0x004D	0x284D      	GOTO       $+0
; end of _main
Symbol List:
//** Routines locations **
//ADDRESS    SIZE    PROCEDURE
//----------------------------------------------
0x0003      [68]    _knightrider
0x0047       [7]    _main
//** Variables locations ** 
//ADDRESS    SIZE    VARIABLE
//----------------------------------------------
0x0000       [1]    INDF
0x0003       [1]    STATUS
0x0004       [1]    FSR
0x0006       [1]    PORTB
0x000A       [1]    PCLATH
0x001F       [1]    CMCON
0x0020       [2]    ___DoICPAddr
0x0022       [1]    knightrider_left_L0
0x0023       [1]    knightrider_right_L0
0x0070       [1]    R0
0x0071       [1]    R1
0x0072       [1]    R2
0x0073       [1]    R3
0x0074       [1]    R4
0x0075       [1]    R5
0x0076       [1]    R6
0x0077       [1]    R7
0x0078       [1]    R8
0x0079       [1]    R9
0x007A       [1]    R10
0x007B       [1]    R11
0x007C       [1]    R12
0x007D       [1]    R13
0x007E       [1]    R14
0x007F       [1]    R15
0x0086       [1]    TRISB
