;  LST file generated by mikroListExporter - v.2.0 
; Date/Time: 4/4/2025 3:03:16 PM
;----------------------------------------------

;Address Opcode 	ASM
0x0000	0x286A      	GOTO       106
_knightrider:
;Experiment3Excersise3.c,1 :: 		void knightrider(void) {
;Experiment3Excersise3.c,3 :: 		TRISB = 0x00;
0x0003	0x1683      	BSF        STATUS, 5
0x0004	0x1303      	BCF        STATUS, 6
0x0005	0x0186      	CLRF       TRISB
;Experiment3Excersise3.c,4 :: 		PORTB = 0x00;
0x0006	0x1283      	BCF        STATUS, 5
0x0007	0x0186      	CLRF       PORTB
;Experiment3Excersise3.c,7 :: 		for (i = 0; i <= 6; i += 2) {
0x0008	0x01F2      	CLRF       R2
0x0009	0x01F3      	CLRF       R2+1
L_knightrider0:
0x000A	0x3080      	MOVLW      128
0x000B	0x00F0      	MOVWF      R0
0x000C	0x3080      	MOVLW      128
0x000D	0x0673      	XORWF      R2+1, 0
0x000E	0x0270      	SUBWF      R0, 0
0x000F	0x1D03      	BTFSS      STATUS, 2
0x0010	0x2813      	GOTO       L__knightrider12
0x0011	0x0872      	MOVF       R2, 0
0x0012	0x3C06      	SUBLW      6
L__knightrider12:
0x0013	0x1C03      	BTFSS      STATUS, 0
0x0014	0x2833      	GOTO       L_knightrider1
;Experiment3Excersise3.c,8 :: 		PORTB |= (1 << i);
0x0015	0x0872      	MOVF       R2, 0
0x0016	0x00F1      	MOVWF      R1
0x0017	0x3001      	MOVLW      1
0x0018	0x00F0      	MOVWF      R0
0x0019	0x0871      	MOVF       R1, 0
L__knightrider13:
0x001A	0x1903      	BTFSC      STATUS, 2
0x001B	0x2820      	GOTO       L__knightrider14
0x001C	0x0DF0      	RLF        R0, 1
0x001D	0x1070      	BCF        R0, 0
0x001E	0x3EFF      	ADDLW      255
0x001F	0x281A      	GOTO       L__knightrider13
L__knightrider14:
0x0020	0x0870      	MOVF       R0, 0
0x0021	0x0486      	IORWF      PORTB, 1
;Experiment3Excersise3.c,9 :: 		Delay_ms(150);
0x0022	0x3002      	MOVLW      2
0x0023	0x00FB      	MOVWF      R11
0x0024	0x3086      	MOVLW      134
0x0025	0x00FC      	MOVWF      R12
0x0026	0x3099      	MOVLW      153
0x0027	0x00FD      	MOVWF      R13
L_knightrider3:
0x0028	0x0BFD      	DECFSZ     R13, 1
0x0029	0x2828      	GOTO       L_knightrider3
0x002A	0x0BFC      	DECFSZ     R12, 1
0x002B	0x2828      	GOTO       L_knightrider3
0x002C	0x0BFB      	DECFSZ     R11, 1
0x002D	0x2828      	GOTO       L_knightrider3
;Experiment3Excersise3.c,7 :: 		for (i = 0; i <= 6; i += 2) {
0x002E	0x3002      	MOVLW      2
0x002F	0x07F2      	ADDWF      R2, 1
0x0030	0x1803      	BTFSC      STATUS, 0
0x0031	0x0AF3      	INCF       R2+1, 1
;Experiment3Excersise3.c,10 :: 		}
0x0032	0x280A      	GOTO       L_knightrider0
L_knightrider1:
;Experiment3Excersise3.c,13 :: 		for (i = 7; i >= 1; i -= 2) {
0x0033	0x3007      	MOVLW      7
0x0034	0x00F2      	MOVWF      R2
0x0035	0x3000      	MOVLW      0
0x0036	0x00F3      	MOVWF      R2+1
L_knightrider4:
0x0037	0x3080      	MOVLW      128
0x0038	0x0673      	XORWF      R2+1, 0
0x0039	0x00F0      	MOVWF      R0
0x003A	0x3080      	MOVLW      128
0x003B	0x0270      	SUBWF      R0, 0
0x003C	0x1D03      	BTFSS      STATUS, 2
0x003D	0x2840      	GOTO       L__knightrider15
0x003E	0x3001      	MOVLW      1
0x003F	0x0272      	SUBWF      R2, 0
L__knightrider15:
0x0040	0x1C03      	BTFSS      STATUS, 0
0x0041	0x2869      	GOTO       L_knightrider5
;Experiment3Excersise3.c,14 :: 		PORTB |= (1 << i);
0x0042	0x0872      	MOVF       R2, 0
0x0043	0x00F1      	MOVWF      R1
0x0044	0x3001      	MOVLW      1
0x0045	0x00F0      	MOVWF      R0
0x0046	0x0871      	MOVF       R1, 0
L__knightrider16:
0x0047	0x1903      	BTFSC      STATUS, 2
0x0048	0x284D      	GOTO       L__knightrider17
0x0049	0x0DF0      	RLF        R0, 1
0x004A	0x1070      	BCF        R0, 0
0x004B	0x3EFF      	ADDLW      255
0x004C	0x2847      	GOTO       L__knightrider16
L__knightrider17:
0x004D	0x0870      	MOVF       R0, 0
0x004E	0x0486      	IORWF      PORTB, 1
;Experiment3Excersise3.c,15 :: 		Delay_ms(200);
0x004F	0x3003      	MOVLW      3
0x0050	0x00FB      	MOVWF      R11
0x0051	0x3008      	MOVLW      8
0x0052	0x00FC      	MOVWF      R12
0x0053	0x3077      	MOVLW      119
0x0054	0x00FD      	MOVWF      R13
L_knightrider7:
0x0055	0x0BFD      	DECFSZ     R13, 1
0x0056	0x2855      	GOTO       L_knightrider7
0x0057	0x0BFC      	DECFSZ     R12, 1
0x0058	0x2855      	GOTO       L_knightrider7
0x0059	0x0BFB      	DECFSZ     R11, 1
0x005A	0x2855      	GOTO       L_knightrider7
;Experiment3Excersise3.c,16 :: 		if (i == 1) break;  // Prevent infinite loop
0x005B	0x3000      	MOVLW      0
0x005C	0x0673      	XORWF      R2+1, 0
0x005D	0x1D03      	BTFSS      STATUS, 2
0x005E	0x2861      	GOTO       L__knightrider18
0x005F	0x3001      	MOVLW      1
0x0060	0x0672      	XORWF      R2, 0
L__knightrider18:
0x0061	0x1D03      	BTFSS      STATUS, 2
0x0062	0x2864      	GOTO       L_knightrider8
0x0063	0x2869      	GOTO       L_knightrider5
L_knightrider8:
;Experiment3Excersise3.c,13 :: 		for (i = 7; i >= 1; i -= 2) {
0x0064	0x3002      	MOVLW      2
0x0065	0x02F2      	SUBWF      R2, 1
0x0066	0x1C03      	BTFSS      STATUS, 0
0x0067	0x03F3      	DECF       R2+1, 1
;Experiment3Excersise3.c,17 :: 		}
0x0068	0x2837      	GOTO       L_knightrider4
L_knightrider5:
;Experiment3Excersise3.c,18 :: 		}
L_end_knightrider:
0x0069	0x0008      	RETURN
; end of _knightrider
_main:
;Experiment3Excersise3.c,20 :: 		void main() {
;Experiment3Excersise3.c,21 :: 		CMCON = 0x07;
0x006A	0x3007      	MOVLW      7
0x006B	0x1283      	BCF        STATUS, 5
0x006C	0x1303      	BCF        STATUS, 6
0x006D	0x009F      	MOVWF      CMCON
;Experiment3Excersise3.c,22 :: 		while (1)
L_main9:
;Experiment3Excersise3.c,23 :: 		knightrider();
0x006E	0x2003      	CALL       _knightrider
0x006F	0x286E      	GOTO       L_main9
;Experiment3Excersise3.c,24 :: 		}
L_end_main:
0x0070	0x2870      	GOTO       $+0
; end of _main
Symbol List:
//** Routines locations **
//ADDRESS    SIZE    PROCEDURE
//----------------------------------------------
0x0003     [103]    _knightrider
0x006A       [7]    _main
//** Variables locations ** 
//ADDRESS    SIZE    VARIABLE
//----------------------------------------------
0x0000       [1]    INDF
0x0003       [1]    STATUS
0x0004       [1]    FSR
0x0006       [1]    PORTB
0x000A       [1]    PCLATH
0x001F       [1]    CMCON
0x0020       [2]    ___DoICPAddr
0x0070       [1]    R0
0x0071       [1]    R1
0x0072       [1]    R2
0x0073       [1]    R3
0x0074       [1]    R4
0x0075       [1]    R5
0x0076       [1]    R6
0x0077       [1]    R7
0x0078       [1]    R8
0x0079       [1]    R9
0x007A       [1]    R10
0x007B       [1]    R11
0x007C       [1]    R12
0x007D       [1]    R13
0x007E       [1]    R14
0x007F       [1]    R15
0x0086       [1]    TRISB
